<?xml version="1.0" encoding="UTF-8"?>
<robot generator="Robot 4.1 (Python 3.9.6 on darwin)" generated="20220201 22:47:39.968" rpa="false" schemaversion="2">
<suite id="s1" name="Nav" source="/Users/vanessacouto/qaninja/twp/App/tests/nav.robot">
<test id="s1-t1" name="Acessando a tela Dialogs">
<kw name="Open Session" library="base" type="SETUP">
<kw name="Set Appium Timeout" library="AppiumLibrary">
<arg>5</arg>
<doc>Sets the timeout in seconds used by various keywords.</doc>
<status status="PASS" starttime="20220201 22:47:40.385" endtime="20220201 22:47:40.385"/>
</kw>
<kw name="Open Application" library="AppiumLibrary">
<arg>http://localhost:4723/wd/hub</arg>
<arg>automationName=UiAutomator2</arg>
<arg>platformName=Android</arg>
<arg>deviceName=Emulator</arg>
<arg>app=${EXECDIR}/twp.apk</arg>
<arg>udid=emulator-5554</arg>
<doc>Opens a new application to given Appium server.
Capabilities of appium server, Android and iOS,
Please check https://github.com/appium/appium/blob/master/docs/en/writing-running-appium/server-args.md
| *Option*            | *Man.* | *Description*     |
| remote_url          | Yes    | Appium server url |
| alias               | no     | alias             |</doc>
<status status="PASS" starttime="20220201 22:47:40.386" endtime="20220201 22:47:50.991"/>
</kw>
<status status="PASS" starttime="20220201 22:47:40.385" endtime="20220201 22:47:50.992"/>
</kw>
<kw name="Get Started" library="base">
<kw name="Wait Until Page Contains" library="AppiumLibrary">
<arg>${START}</arg>
<doc>Waits until `text` appears on current page.</doc>
<status status="PASS" starttime="20220201 22:47:50.993" endtime="20220201 22:47:54.927"/>
</kw>
<kw name="Click Text" library="AppiumLibrary">
<arg>${START}</arg>
<doc>Click text identified by ``text``.</doc>
<status status="PASS" starttime="20220201 22:47:54.928" endtime="20220201 22:47:55.213"/>
</kw>
<status status="PASS" starttime="20220201 22:47:50.992" endtime="20220201 22:47:55.214"/>
</kw>
<kw name="Open Navegator" library="base">
<kw name="Wait Until Element Is Visible" library="AppiumLibrary">
<arg>${MENU}</arg>
<doc>Waits until element specified with `locator` is visible.</doc>
<status status="PASS" starttime="20220201 22:47:55.215" endtime="20220201 22:47:56.511"/>
</kw>
<kw name="Click Element" library="AppiumLibrary">
<arg>${MENU}</arg>
<doc>Click element identified by `locator`.</doc>
<msg timestamp="20220201 22:47:56.514" level="INFO">Clicking element 'xpath=//android.widget.ImageButton[@content-desc="Open navigation drawer"]'.</msg>
<status status="PASS" starttime="20220201 22:47:56.511" endtime="20220201 22:47:56.682"/>
</kw>
<kw name="Wait Until Element Is Visible" library="AppiumLibrary">
<arg>${NAV_VIEW}</arg>
<doc>Waits until element specified with `locator` is visible.</doc>
<status status="PASS" starttime="20220201 22:47:56.682" endtime="20220201 22:47:57.749"/>
</kw>
<status status="PASS" starttime="20220201 22:47:55.214" endtime="20220201 22:47:57.749"/>
</kw>
<kw name="Click Text" library="AppiumLibrary">
<arg>DIALOGS</arg>
<doc>Click text identified by ``text``.</doc>
<status status="PASS" starttime="20220201 22:47:57.750" endtime="20220201 22:47:57.951"/>
</kw>
<kw name="Wait Until Element Is Visible" library="AppiumLibrary">
<arg>${TOOLBAR_TITLE}</arg>
<doc>Waits until element specified with `locator` is visible.</doc>
<status status="PASS" starttime="20220201 22:47:57.952" endtime="20220201 22:47:58.903"/>
</kw>
<kw name="Element Text Should Be" library="AppiumLibrary">
<arg>${TOOLBAR_TITLE}</arg>
<arg>DIALOGS</arg>
<doc>Verifies element identified by ``locator`` exactly contains text ``expected``.</doc>
<msg timestamp="20220201 22:47:58.906" level="INFO">Verifying element 'id=io.qaninja.android.twp:id/toolbarTitle' contains exactly text 'DIALOGS'.</msg>
<status status="PASS" starttime="20220201 22:47:58.904" endtime="20220201 22:47:58.982"/>
</kw>
<kw name="Close Session" library="base" type="TEARDOWN">
<kw name="Close Application" library="AppiumLibrary">
<doc>Closes the current application and also close webdriver session.</doc>
<status status="PASS" starttime="20220201 22:47:58.983" endtime="20220201 22:47:59.835"/>
</kw>
<status status="PASS" starttime="20220201 22:47:58.982" endtime="20220201 22:47:59.835"/>
</kw>
<status status="PASS" starttime="20220201 22:47:40.384" endtime="20220201 22:47:59.835"/>
</test>
<test id="s1-t2" name="Acessando a tela Formulários">
<kw name="Open Session" library="base" type="SETUP">
<kw name="Set Appium Timeout" library="AppiumLibrary">
<arg>5</arg>
<doc>Sets the timeout in seconds used by various keywords.</doc>
<status status="PASS" starttime="20220201 22:47:59.838" endtime="20220201 22:47:59.838"/>
</kw>
<kw name="Open Application" library="AppiumLibrary">
<arg>http://localhost:4723/wd/hub</arg>
<arg>automationName=UiAutomator2</arg>
<arg>platformName=Android</arg>
<arg>deviceName=Emulator</arg>
<arg>app=${EXECDIR}/twp.apk</arg>
<arg>udid=emulator-5554</arg>
<doc>Opens a new application to given Appium server.
Capabilities of appium server, Android and iOS,
Please check https://github.com/appium/appium/blob/master/docs/en/writing-running-appium/server-args.md
| *Option*            | *Man.* | *Description*     |
| remote_url          | Yes    | Appium server url |
| alias               | no     | alias             |</doc>
<status status="PASS" starttime="20220201 22:47:59.838" endtime="20220201 22:48:16.238"/>
</kw>
<status status="PASS" starttime="20220201 22:47:59.837" endtime="20220201 22:48:16.238"/>
</kw>
<kw name="Get Started" library="base">
<kw name="Wait Until Page Contains" library="AppiumLibrary">
<arg>${START}</arg>
<doc>Waits until `text` appears on current page.</doc>
<status status="PASS" starttime="20220201 22:48:16.239" endtime="20220201 22:48:19.727"/>
</kw>
<kw name="Click Text" library="AppiumLibrary">
<arg>${START}</arg>
<doc>Click text identified by ``text``.</doc>
<status status="PASS" starttime="20220201 22:48:19.727" endtime="20220201 22:48:20.106"/>
</kw>
<status status="PASS" starttime="20220201 22:48:16.238" endtime="20220201 22:48:20.106"/>
</kw>
<kw name="Open Navegator" library="base">
<kw name="Wait Until Element Is Visible" library="AppiumLibrary">
<arg>${MENU}</arg>
<doc>Waits until element specified with `locator` is visible.</doc>
<status status="PASS" starttime="20220201 22:48:20.107" endtime="20220201 22:48:21.618"/>
</kw>
<kw name="Click Element" library="AppiumLibrary">
<arg>${MENU}</arg>
<doc>Click element identified by `locator`.</doc>
<msg timestamp="20220201 22:48:21.623" level="INFO">Clicking element 'xpath=//android.widget.ImageButton[@content-desc="Open navigation drawer"]'.</msg>
<status status="PASS" starttime="20220201 22:48:21.619" endtime="20220201 22:48:21.826"/>
</kw>
<kw name="Wait Until Element Is Visible" library="AppiumLibrary">
<arg>${NAV_VIEW}</arg>
<doc>Waits until element specified with `locator` is visible.</doc>
<status status="PASS" starttime="20220201 22:48:21.826" endtime="20220201 22:48:22.827"/>
</kw>
<status status="PASS" starttime="20220201 22:48:20.106" endtime="20220201 22:48:22.827"/>
</kw>
<kw name="Click Text" library="AppiumLibrary">
<arg>FORMS</arg>
<doc>Click text identified by ``text``.</doc>
<status status="PASS" starttime="20220201 22:48:22.827" endtime="20220201 22:48:23.267"/>
</kw>
<kw name="Wait Until Element Is Visible" library="AppiumLibrary">
<arg>${TOOLBAR_TITLE}</arg>
<doc>Waits until element specified with `locator` is visible.</doc>
<status status="PASS" starttime="20220201 22:48:23.268" endtime="20220201 22:48:24.254"/>
</kw>
<kw name="Element Text Should Be" library="AppiumLibrary">
<arg>${TOOLBAR_TITLE}</arg>
<arg>FORMS</arg>
<doc>Verifies element identified by ``locator`` exactly contains text ``expected``.</doc>
<msg timestamp="20220201 22:48:24.257" level="INFO">Verifying element 'id=io.qaninja.android.twp:id/toolbarTitle' contains exactly text 'FORMS'.</msg>
<status status="PASS" starttime="20220201 22:48:24.254" endtime="20220201 22:48:24.398"/>
</kw>
<kw name="Close Session" library="base" type="TEARDOWN">
<kw name="Close Application" library="AppiumLibrary">
<doc>Closes the current application and also close webdriver session.</doc>
<status status="PASS" starttime="20220201 22:48:24.400" endtime="20220201 22:48:26.689"/>
</kw>
<status status="PASS" starttime="20220201 22:48:24.399" endtime="20220201 22:48:26.689"/>
</kw>
<status status="PASS" starttime="20220201 22:47:59.836" endtime="20220201 22:48:26.690"/>
</test>
<test id="s1-t3" name="Acessando a tela Avengers">
<kw name="Open Session" library="base" type="SETUP">
<kw name="Set Appium Timeout" library="AppiumLibrary">
<arg>5</arg>
<doc>Sets the timeout in seconds used by various keywords.</doc>
<status status="PASS" starttime="20220201 22:48:26.692" endtime="20220201 22:48:26.692"/>
</kw>
<kw name="Open Application" library="AppiumLibrary">
<arg>http://localhost:4723/wd/hub</arg>
<arg>automationName=UiAutomator2</arg>
<arg>platformName=Android</arg>
<arg>deviceName=Emulator</arg>
<arg>app=${EXECDIR}/twp.apk</arg>
<arg>udid=emulator-5554</arg>
<doc>Opens a new application to given Appium server.
Capabilities of appium server, Android and iOS,
Please check https://github.com/appium/appium/blob/master/docs/en/writing-running-appium/server-args.md
| *Option*            | *Man.* | *Description*     |
| remote_url          | Yes    | Appium server url |
| alias               | no     | alias             |</doc>
<status status="PASS" starttime="20220201 22:48:26.693" endtime="20220201 22:48:43.240"/>
</kw>
<status status="PASS" starttime="20220201 22:48:26.691" endtime="20220201 22:48:43.240"/>
</kw>
<kw name="Get Started" library="base">
<kw name="Wait Until Page Contains" library="AppiumLibrary">
<arg>${START}</arg>
<doc>Waits until `text` appears on current page.</doc>
<status status="PASS" starttime="20220201 22:48:43.241" endtime="20220201 22:48:46.861"/>
</kw>
<kw name="Click Text" library="AppiumLibrary">
<arg>${START}</arg>
<doc>Click text identified by ``text``.</doc>
<status status="PASS" starttime="20220201 22:48:46.861" endtime="20220201 22:48:47.236"/>
</kw>
<status status="PASS" starttime="20220201 22:48:43.241" endtime="20220201 22:48:47.237"/>
</kw>
<kw name="Open Navegator" library="base">
<kw name="Wait Until Element Is Visible" library="AppiumLibrary">
<arg>${MENU}</arg>
<doc>Waits until element specified with `locator` is visible.</doc>
<status status="PASS" starttime="20220201 22:48:47.238" endtime="20220201 22:48:48.613"/>
</kw>
<kw name="Click Element" library="AppiumLibrary">
<arg>${MENU}</arg>
<doc>Click element identified by `locator`.</doc>
<msg timestamp="20220201 22:48:48.618" level="INFO">Clicking element 'xpath=//android.widget.ImageButton[@content-desc="Open navigation drawer"]'.</msg>
<status status="PASS" starttime="20220201 22:48:48.613" endtime="20220201 22:48:48.792"/>
</kw>
<kw name="Wait Until Element Is Visible" library="AppiumLibrary">
<arg>${NAV_VIEW}</arg>
<doc>Waits until element specified with `locator` is visible.</doc>
<status status="PASS" starttime="20220201 22:48:48.792" endtime="20220201 22:48:49.741"/>
</kw>
<status status="PASS" starttime="20220201 22:48:47.237" endtime="20220201 22:48:49.742"/>
</kw>
<kw name="Click Text" library="AppiumLibrary">
<arg>AVENGERS</arg>
<doc>Click text identified by ``text``.</doc>
<status status="PASS" starttime="20220201 22:48:49.742" endtime="20220201 22:48:50.019"/>
</kw>
<kw name="Wait Until Element Is Visible" library="AppiumLibrary">
<arg>${TOOLBAR_TITLE}</arg>
<doc>Waits until element specified with `locator` is visible.</doc>
<status status="PASS" starttime="20220201 22:48:50.020" endtime="20220201 22:48:50.990"/>
</kw>
<kw name="Element Text Should Be" library="AppiumLibrary">
<arg>${TOOLBAR_TITLE}</arg>
<arg>AVENGERS</arg>
<doc>Verifies element identified by ``locator`` exactly contains text ``expected``.</doc>
<msg timestamp="20220201 22:48:50.994" level="INFO">Verifying element 'id=io.qaninja.android.twp:id/toolbarTitle' contains exactly text 'AVENGERS'.</msg>
<status status="PASS" starttime="20220201 22:48:50.990" endtime="20220201 22:48:51.142"/>
</kw>
<kw name="Close Session" library="base" type="TEARDOWN">
<kw name="Close Application" library="AppiumLibrary">
<doc>Closes the current application and also close webdriver session.</doc>
<status status="PASS" starttime="20220201 22:48:51.144" endtime="20220201 22:48:52.172"/>
</kw>
<status status="PASS" starttime="20220201 22:48:51.143" endtime="20220201 22:48:52.173"/>
</kw>
<status status="PASS" starttime="20220201 22:48:26.690" endtime="20220201 22:48:52.173"/>
</test>
<status status="PASS" starttime="20220201 22:47:39.970" endtime="20220201 22:48:52.175"/>
</suite>
<statistics>
<total>
<stat pass="3" fail="0" skip="0">All Tests</stat>
</total>
<tag>
</tag>
<suite>
<stat pass="3" fail="0" skip="0" id="s1" name="Nav">Nav</stat>
</suite>
</statistics>
<errors>
</errors>
</robot>
