<?xml version="1.0" encoding="UTF-8"?>
<robot generator="Robot 4.1 (Python 3.9.6 on darwin)" generated="20220202 00:32:05.839" rpa="false" schemaversion="2">
<suite id="s1" name="Nav" source="/Users/vanessacouto/qaninja/twp/App/tests/nav.robot">
<test id="s1-t1" name="Acessando a tela Dialogs">
<kw name="Open Session" library="base" type="SETUP">
<kw name="Set Appium Timeout" library="AppiumLibrary">
<arg>10</arg>
<doc>Sets the timeout in seconds used by various keywords.</doc>
<status status="PASS" starttime="20220202 00:32:06.223" endtime="20220202 00:32:06.223"/>
</kw>
<kw name="Open Application" library="AppiumLibrary">
<arg>http://localhost:4723/wd/hub</arg>
<arg>automationName=UiAutomator2</arg>
<arg>platformName=Android</arg>
<arg>deviceName=Emulator</arg>
<arg>app=${EXECDIR}/twp.apk</arg>
<arg>udid=emulator-5554</arg>
<doc>Opens a new application to given Appium server.
Capabilities of appium server, Android and iOS,
Please check https://github.com/appium/appium/blob/master/docs/en/writing-running-appium/server-args.md
| *Option*            | *Man.* | *Description*     |
| remote_url          | Yes    | Appium server url |
| alias               | no     | alias             |</doc>
<kw name="Capture Page Screenshot" library="AppiumLibrary">
<doc>Takes a screenshot of the current page and embeds it into the log.</doc>
<msg timestamp="20220202 00:32:17.377" level="FAIL">No application is open</msg>
<status status="FAIL" starttime="20220202 00:32:17.369" endtime="20220202 00:32:17.377"/>
</kw>
<msg timestamp="20220202 00:32:17.380" level="WARN">Keyword 'Capture Page Screenshot' could not be run on failure: No application is open</msg>
<msg timestamp="20220202 00:32:17.385" level="FAIL">WebDriverException: Message: An unknown server-side error occurred while processing the command. Original error: Could not proxy command to the remote server. Original error: socket hang up
</msg>
<status status="FAIL" starttime="20220202 00:32:06.223" endtime="20220202 00:32:17.385"/>
</kw>
<kw name="Get Started" library="base">
<status status="NOT RUN" starttime="20220202 00:32:17.386" endtime="20220202 00:32:17.386"/>
</kw>
<status status="FAIL" starttime="20220202 00:32:06.222" endtime="20220202 00:32:17.387"/>
</kw>
<kw name="Close Session" library="base" type="TEARDOWN">
<kw name="Close Application" library="AppiumLibrary">
<doc>Closes the current application and also close webdriver session.</doc>
<kw name="Capture Page Screenshot" library="AppiumLibrary">
<doc>Takes a screenshot of the current page and embeds it into the log.</doc>
<msg timestamp="20220202 00:32:17.390" level="FAIL">No application is open</msg>
<status status="FAIL" starttime="20220202 00:32:17.388" endtime="20220202 00:32:17.390"/>
</kw>
<msg timestamp="20220202 00:32:17.395" level="WARN">Keyword 'Capture Page Screenshot' could not be run on failure: No application is open</msg>
<msg timestamp="20220202 00:32:17.396" level="FAIL">No application is open</msg>
<status status="FAIL" starttime="20220202 00:32:17.388" endtime="20220202 00:32:17.396"/>
</kw>
<status status="FAIL" starttime="20220202 00:32:17.387" endtime="20220202 00:32:17.396">No application is open</status>
</kw>
<status status="FAIL" starttime="20220202 00:32:06.222" endtime="20220202 00:32:17.397">Setup failed:
WebDriverException: Message: An unknown server-side error occurred while processing the command. Original error: Could not proxy command to the remote server. Original error: socket hang up


Also teardown failed:
No application is open</status>
</test>
<test id="s1-t2" name="Acessando a tela Formulários">
<kw name="Open Session" library="base" type="SETUP">
<kw name="Set Appium Timeout" library="AppiumLibrary">
<arg>10</arg>
<doc>Sets the timeout in seconds used by various keywords.</doc>
<status status="PASS" starttime="20220202 00:32:17.399" endtime="20220202 00:32:17.400"/>
</kw>
<kw name="Open Application" library="AppiumLibrary">
<arg>http://localhost:4723/wd/hub</arg>
<arg>automationName=UiAutomator2</arg>
<arg>platformName=Android</arg>
<arg>deviceName=Emulator</arg>
<arg>app=${EXECDIR}/twp.apk</arg>
<arg>udid=emulator-5554</arg>
<doc>Opens a new application to given Appium server.
Capabilities of appium server, Android and iOS,
Please check https://github.com/appium/appium/blob/master/docs/en/writing-running-appium/server-args.md
| *Option*            | *Man.* | *Description*     |
| remote_url          | Yes    | Appium server url |
| alias               | no     | alias             |</doc>
<kw name="Capture Page Screenshot" library="AppiumLibrary">
<doc>Takes a screenshot of the current page and embeds it into the log.</doc>
<msg timestamp="20220202 00:32:27.322" level="FAIL">No application is open</msg>
<status status="FAIL" starttime="20220202 00:32:27.319" endtime="20220202 00:32:27.322"/>
</kw>
<msg timestamp="20220202 00:32:27.326" level="WARN">Keyword 'Capture Page Screenshot' could not be run on failure: No application is open</msg>
<msg timestamp="20220202 00:32:27.328" level="FAIL">WebDriverException: Message: An unknown server-side error occurred while processing the command. Original error: Could not proxy command to the remote server. Original error: socket hang up
</msg>
<status status="FAIL" starttime="20220202 00:32:17.401" endtime="20220202 00:32:27.328"/>
</kw>
<kw name="Get Started" library="base">
<status status="NOT RUN" starttime="20220202 00:32:27.329" endtime="20220202 00:32:27.329"/>
</kw>
<status status="FAIL" starttime="20220202 00:32:17.399" endtime="20220202 00:32:27.331"/>
</kw>
<kw name="Close Session" library="base" type="TEARDOWN">
<kw name="Close Application" library="AppiumLibrary">
<doc>Closes the current application and also close webdriver session.</doc>
<kw name="Capture Page Screenshot" library="AppiumLibrary">
<doc>Takes a screenshot of the current page and embeds it into the log.</doc>
<msg timestamp="20220202 00:32:27.334" level="FAIL">No application is open</msg>
<status status="FAIL" starttime="20220202 00:32:27.333" endtime="20220202 00:32:27.334"/>
</kw>
<msg timestamp="20220202 00:32:27.336" level="WARN">Keyword 'Capture Page Screenshot' could not be run on failure: No application is open</msg>
<msg timestamp="20220202 00:32:27.337" level="FAIL">No application is open</msg>
<status status="FAIL" starttime="20220202 00:32:27.332" endtime="20220202 00:32:27.338"/>
</kw>
<status status="FAIL" starttime="20220202 00:32:27.331" endtime="20220202 00:32:27.342">No application is open</status>
</kw>
<status status="FAIL" starttime="20220202 00:32:17.398" endtime="20220202 00:32:27.342">Setup failed:
WebDriverException: Message: An unknown server-side error occurred while processing the command. Original error: Could not proxy command to the remote server. Original error: socket hang up


Also teardown failed:
No application is open</status>
</test>
<test id="s1-t3" name="Acessando a tela Avengers">
<kw name="Open Session" library="base" type="SETUP">
<kw name="Set Appium Timeout" library="AppiumLibrary">
<arg>10</arg>
<doc>Sets the timeout in seconds used by various keywords.</doc>
<status status="PASS" starttime="20220202 00:32:27.344" endtime="20220202 00:32:27.345"/>
</kw>
<kw name="Open Application" library="AppiumLibrary">
<arg>http://localhost:4723/wd/hub</arg>
<arg>automationName=UiAutomator2</arg>
<arg>platformName=Android</arg>
<arg>deviceName=Emulator</arg>
<arg>app=${EXECDIR}/twp.apk</arg>
<arg>udid=emulator-5554</arg>
<doc>Opens a new application to given Appium server.
Capabilities of appium server, Android and iOS,
Please check https://github.com/appium/appium/blob/master/docs/en/writing-running-appium/server-args.md
| *Option*            | *Man.* | *Description*     |
| remote_url          | Yes    | Appium server url |
| alias               | no     | alias             |</doc>
<kw name="Capture Page Screenshot" library="AppiumLibrary">
<doc>Takes a screenshot of the current page and embeds it into the log.</doc>
<msg timestamp="20220202 00:32:40.755" level="FAIL">No application is open</msg>
<status status="FAIL" starttime="20220202 00:32:40.751" endtime="20220202 00:32:40.755"/>
</kw>
<msg timestamp="20220202 00:32:40.759" level="WARN">Keyword 'Capture Page Screenshot' could not be run on failure: No application is open</msg>
<msg timestamp="20220202 00:32:40.762" level="FAIL">WebDriverException: Message: An unknown server-side error occurred while processing the command. Original error: Could not proxy command to the remote server. Original error: socket hang up
</msg>
<status status="FAIL" starttime="20220202 00:32:27.345" endtime="20220202 00:32:40.762"/>
</kw>
<kw name="Get Started" library="base">
<status status="NOT RUN" starttime="20220202 00:32:40.763" endtime="20220202 00:32:40.763"/>
</kw>
<status status="FAIL" starttime="20220202 00:32:27.344" endtime="20220202 00:32:40.764"/>
</kw>
<kw name="Close Session" library="base" type="TEARDOWN">
<kw name="Close Application" library="AppiumLibrary">
<doc>Closes the current application and also close webdriver session.</doc>
<kw name="Capture Page Screenshot" library="AppiumLibrary">
<doc>Takes a screenshot of the current page and embeds it into the log.</doc>
<msg timestamp="20220202 00:32:40.769" level="FAIL">No application is open</msg>
<status status="FAIL" starttime="20220202 00:32:40.766" endtime="20220202 00:32:40.769"/>
</kw>
<msg timestamp="20220202 00:32:40.773" level="WARN">Keyword 'Capture Page Screenshot' could not be run on failure: No application is open</msg>
<msg timestamp="20220202 00:32:40.774" level="FAIL">No application is open</msg>
<status status="FAIL" starttime="20220202 00:32:40.766" endtime="20220202 00:32:40.774"/>
</kw>
<status status="FAIL" starttime="20220202 00:32:40.765" endtime="20220202 00:32:40.775">No application is open</status>
</kw>
<status status="FAIL" starttime="20220202 00:32:27.343" endtime="20220202 00:32:40.775">Setup failed:
WebDriverException: Message: An unknown server-side error occurred while processing the command. Original error: Could not proxy command to the remote server. Original error: socket hang up


Also teardown failed:
No application is open</status>
</test>
<status status="FAIL" starttime="20220202 00:32:05.842" endtime="20220202 00:32:40.777"/>
</suite>
<statistics>
<total>
<stat pass="0" fail="3" skip="0">All Tests</stat>
</total>
<tag>
</tag>
<suite>
<stat pass="0" fail="3" skip="0" id="s1" name="Nav">Nav</stat>
</suite>
</statistics>
<errors>
<msg timestamp="20220202 00:32:17.380" level="WARN">Keyword 'Capture Page Screenshot' could not be run on failure: No application is open</msg>
<msg timestamp="20220202 00:32:17.395" level="WARN">Keyword 'Capture Page Screenshot' could not be run on failure: No application is open</msg>
<msg timestamp="20220202 00:32:27.326" level="WARN">Keyword 'Capture Page Screenshot' could not be run on failure: No application is open</msg>
<msg timestamp="20220202 00:32:27.336" level="WARN">Keyword 'Capture Page Screenshot' could not be run on failure: No application is open</msg>
<msg timestamp="20220202 00:32:40.759" level="WARN">Keyword 'Capture Page Screenshot' could not be run on failure: No application is open</msg>
<msg timestamp="20220202 00:32:40.773" level="WARN">Keyword 'Capture Page Screenshot' could not be run on failure: No application is open</msg>
</errors>
</robot>
